<?xml version="1.0" encoding="UTF-8"?>
<!-- Generated by org.testng.reporters.JUnitXMLReporter -->
<testsuite ignored="0" hostname="DESKTOP-650V9P6" failures="0" tests="1" name="Test" time="0.11" errors="0" timestamp="2025-10-09T10:48:49 IST">
  <testcase classname="TestBase.BaseClass2" name="@BeforeClass setup" time="-1.759987129525E9">
    <failure type="org.testng.TestNGException" message="
Parameter &amp;apos;os&amp;apos; is required by BeforeClass on method setup but has not been marked @Optional or defined
in C:\Users\Harshal\eclipse-workspace\simplifyvms\Msp_creation.xml">
      <![CDATA[org.testng.TestNGException: 
Parameter 'os' is required by BeforeClass on method setup but has not been marked @Optional or defined
in C:\Users\Harshal\eclipse-workspace\simplifyvms\Msp_creation.xml
at java.base/java.util.ArrayList.forEach(ArrayList.java:1597)
... Removed 22 stack frames]]>
    </failure>
  </testcase> <!-- @BeforeClass setup -->
  <testcase classname="testCases.Msp_Creation" name="verifylogin1" time="0.0">
    <skipped/>
  </testcase> <!-- verifylogin1 -->
</testsuite> <!-- Test -->
